
2026-03-10 17:09:43 Se modifico >> /workspaces/messi/installl/crea.sh
2026-03-10 17:12:01 Se modifico >> /workspaces/messi/installl/
Archivo > /workspaces/messi/installl/files eliminado o removido, 2026-03-10 17:12:04
2026-04-09 20:38:53 Se modifico >> /workspaces/messi/installl/siu/3.txt
Archivo > /workspaces/messi/installl/siu/30.txt eliminado o removido, 2026-04-09 20:39:18
Archivo > /workspaces/messi/installl/siu/64.txt eliminado o removido, 2026-04-09 20:39:18
Archivo > /workspaces/messi/installl/siu/60.txt eliminado o removido, 2026-04-09 20:39:18
Archivo > /workspaces/messi/installl/siu/31.txt eliminado o removido, 2026-04-09 20:39:18
Archivo > /workspaces/messi/installl/siu/65.txt eliminado o removido, 2026-04-09 20:39:18
Archivo > /workspaces/messi/installl/siu/99.txt eliminado o removido, 2026-04-09 20:39:18
Archivo > /workspaces/messi/installl/siu/32.txt eliminado o removido, 2026-04-09 20:39:18
Archivo > /workspaces/messi/installl/siu/70.txt eliminado o removido, 2026-04-09 20:39:18
Archivo > /workspaces/messi/installl/siu/68.txt eliminado o removido, 2026-04-09 20:39:18
Archivo > /workspaces/messi/installl/siu/71.txt eliminado o removido, 2026-04-09 20:39:18
Archivo > /workspaces/messi/installl/siu/42.txt eliminado o removido, 2026-04-09 20:39:18
Archivo > /workspaces/messi/installl/siu/72.txt eliminado o removido, 2026-04-09 20:39:18
Archivo > /workspaces/messi/installl/siu/29.txt eliminado o removido, 2026-04-09 20:39:18
Archivo > /workspaces/messi/installl/siu/73.txt eliminado o removido, 2026-04-09 20:39:18
Archivo > /workspaces/messi/installl/siu/91.txt eliminado o removido, 2026-04-09 20:39:18
Archivo > /workspaces/messi/installl/siu/74.txt eliminado o removido, 2026-04-09 20:39:18
Archivo > /workspaces/messi/installl/siu/92.txt eliminado o removido, 2026-04-09 20:39:18
Archivo > /workspaces/messi/installl/siu/75.txt eliminado o removido, 2026-04-09 20:39:18
Archivo > /workspaces/messi/installl/siu/48.txt eliminado o removido, 2026-04-09 20:39:18
Archivo > /workspaces/messi/installl/siu/49.txt eliminado o removido, 2026-04-09 20:39:18
Archivo > /workspaces/messi/installl/siu/47.txt eliminado o removido, 2026-04-09 20:39:18
Archivo > /workspaces/messi/installl/siu/54.txt eliminado o removido, 2026-04-09 20:39:18
Archivo > /workspaces/messi/installl/siu/77.txt eliminado o removido, 2026-04-09 20:39:18
Archivo > /workspaces/messi/installl/siu/76.txt eliminado o removido, 2026-04-09 20:39:18
Archivo > /workspaces/messi/installl/siu/78.txt eliminado o removido, 2026-04-09 20:39:18
Archivo > /workspaces/messi/installl/siu/55.txt eliminado o removido, 2026-04-09 20:39:18
Archivo > /workspaces/messi/installl/siu/79.txt eliminado o removido, 2026-04-09 20:39:18
Archivo > /workspaces/messi/installl/siu/56.txt eliminado o removido, 2026-04-09 20:39:18
Archivo > /workspaces/messi/installl/siu/8.txt eliminado o removido, 2026-04-09 20:39:18
Archivo > /workspaces/messi/installl/siu/93.txt eliminado o removido, 2026-04-09 20:39:18
Archivo > /workspaces/messi/installl/siu/80.txt eliminado o removido, 2026-04-09 20:39:18
Archivo > /workspaces/messi/installl/siu/85.txt eliminado o removido, 2026-04-09 20:39:18
Archivo > /workspaces/messi/installl/siu/81.txt eliminado o removido, 2026-04-09 20:39:18
Archivo > /workspaces/messi/installl/siu/86.txt eliminado o removido, 2026-04-09 20:39:18
Archivo > /workspaces/messi/installl/siu/82.txt eliminado o removido, 2026-04-09 20:39:18
Archivo > /workspaces/messi/installl/siu/88.txt eliminado o removido, 2026-04-09 20:39:18
Archivo > /workspaces/messi/installl/siu/83.txt eliminado o removido, 2026-04-09 20:39:18
Archivo > /workspaces/messi/installl/siu/0.txt eliminado o removido, 2026-04-09 20:39:18
Archivo > /workspaces/messi/installl/siu/84.txt eliminado o removido, 2026-04-09 20:39:18
Archivo > /workspaces/messi/installl/siu/9.txt eliminado o removido, 2026-04-09 20:39:18
Archivo > /workspaces/messi/installl/siu/94.txt eliminado o removido, 2026-04-09 20:39:18
Archivo > /workspaces/messi/installl/siu/90.txt eliminado o removido, 2026-04-09 20:39:18
Archivo > /workspaces/messi/installl/siu/1.txt eliminado o removido, 2026-04-09 20:39:18
Archivo > /workspaces/messi/installl/siu/10.txt eliminado o removido, 2026-04-09 20:39:18
Archivo > /workspaces/messi/installl/siu/95.txt eliminado o removido, 2026-04-09 20:39:18
Archivo > /workspaces/messi/installl/siu/12.txt eliminado o removido, 2026-04-09 20:39:18
Archivo > /workspaces/messi/installl/siu/11.txt eliminado o removido, 2026-04-09 20:39:18
Archivo > /workspaces/messi/installl/siu/13.txt eliminado o removido, 2026-04-09 20:39:18
Archivo > /workspaces/messi/installl/siu/96.txt eliminado o removido, 2026-04-09 20:39:18
Archivo > /workspaces/messi/installl/siu/14.txt eliminado o removido, 2026-04-09 20:39:18
Archivo > /workspaces/messi/installl/siu/59.txt eliminado o removido, 2026-04-09 20:39:18
Archivo > /workspaces/messi/installl/siu/15.txt eliminado o removido, 2026-04-09 20:39:18
Archivo > /workspaces/messi/installl/siu/67.txt eliminado o removido, 2026-04-09 20:39:18
Archivo > /workspaces/messi/installl/siu/3.txt eliminado o removido, 2026-04-09 20:39:18
Archivo > /workspaces/messi/installl/siu/69.txt eliminado o removido, 2026-04-09 20:39:18
Archivo > /workspaces/messi/installl/siu/87.txt eliminado o removido, 2026-04-09 20:39:18
Archivo > /workspaces/messi/installl/siu/7.txt eliminado o removido, 2026-04-09 20:39:18
Archivo > /workspaces/messi/installl/siu/89.txt eliminado o removido, 2026-04-09 20:39:18
Archivo > /workspaces/messi/installl/siu/33.txt eliminado o removido, 2026-04-09 20:39:18
Archivo > /workspaces/messi/installl/siu/66.txt eliminado o removido, 2026-04-09 20:39:18
Archivo > /workspaces/messi/installl/siu/57.txt eliminado o removido, 2026-04-09 20:39:18
Archivo > /workspaces/messi/installl/siu/97.txt eliminado o removido, 2026-04-09 20:39:18
Archivo > /workspaces/messi/installl/siu/58.txt eliminado o removido, 2026-04-09 20:39:18
Archivo > /workspaces/messi/installl/siu/98.txt eliminado o removido, 2026-04-09 20:39:18
Archivo > /workspaces/messi/installl/siu/17.txt eliminado o removido, 2026-04-09 20:39:18
Archivo > /workspaces/messi/installl/siu/53.txt eliminado o removido, 2026-04-09 20:39:18
Archivo > /workspaces/messi/installl/siu/18.txt eliminado o removido, 2026-04-09 20:39:18
Archivo > /workspaces/messi/installl/siu/5.txt eliminado o removido, 2026-04-09 20:39:18
Archivo > /workspaces/messi/installl/siu/19.txt eliminado o removido, 2026-04-09 20:39:18
Archivo > /workspaces/messi/installl/siu/46.txt eliminado o removido, 2026-04-09 20:39:18
Archivo > /workspaces/messi/installl/siu/2.txt eliminado o removido, 2026-04-09 20:39:18
Archivo > /workspaces/messi/installl/siu/34.txt eliminado o removido, 2026-04-09 20:39:18
Archivo > /workspaces/messi/installl/siu/21.txt eliminado o removido, 2026-04-09 20:39:18
Archivo > /workspaces/messi/installl/siu/20.txt eliminado o removido, 2026-04-09 20:39:18
Archivo > /workspaces/messi/installl/siu/22.txt eliminado o removido, 2026-04-09 20:39:18
Archivo > /workspaces/messi/installl/siu/35.txt eliminado o removido, 2026-04-09 20:39:18
Archivo > /workspaces/messi/installl/siu/23.txt eliminado o removido, 2026-04-09 20:39:18
Archivo > /workspaces/messi/installl/siu/36.txt eliminado o removido, 2026-04-09 20:39:18
Archivo > /workspaces/messi/installl/siu/24.txt eliminado o removido, 2026-04-09 20:39:18
Archivo > /workspaces/messi/installl/siu/37.txt eliminado o removido, 2026-04-09 20:39:18
Archivo > /workspaces/messi/installl/siu/25.txt eliminado o removido, 2026-04-09 20:39:18
Archivo > /workspaces/messi/installl/siu/26.txt eliminado o removido, 2026-04-09 20:39:18
Archivo > /workspaces/messi/installl/siu/39.txt eliminado o removido, 2026-04-09 20:39:18
Archivo > /workspaces/messi/installl/siu/38.txt eliminado o removido, 2026-04-09 20:39:18
Archivo > /workspaces/messi/installl/siu/4.txt eliminado o removido, 2026-04-09 20:39:18
Archivo > /workspaces/messi/installl/siu/27.txt eliminado o removido, 2026-04-09 20:39:18
Archivo > /workspaces/messi/installl/siu/40.txt eliminado o removido, 2026-04-09 20:39:18
Archivo > /workspaces/messi/installl/siu/28.txt eliminado o removido, 2026-04-09 20:39:18
Archivo > /workspaces/messi/installl/siu/41.txt eliminado o removido, 2026-04-09 20:39:18
Archivo > /workspaces/messi/installl/siu/43.txt eliminado o removido, 2026-04-09 20:39:18
Archivo > /workspaces/messi/installl/siu/50.txt eliminado o removido, 2026-04-09 20:39:18
Archivo > /workspaces/messi/installl/siu/16.txt eliminado o removido, 2026-04-09 20:39:18
Archivo > /workspaces/messi/installl/siu/51.txt eliminado o removido, 2026-04-09 20:39:18
Archivo > /workspaces/messi/installl/siu/44.txt eliminado o removido, 2026-04-09 20:39:18
Archivo > /workspaces/messi/installl/siu/52.txt eliminado o removido, 2026-04-09 20:39:18
Archivo > /workspaces/messi/installl/siu/62.txt eliminado o removido, 2026-04-09 20:39:18
Archivo > /workspaces/messi/installl/siu/ eliminado o removido, 2026-04-09 20:39:18
Archivo > /workspaces/messi/installl/siu/63.txt eliminado o removido, 2026-04-09 20:39:18
Archivo > /workspaces/messi/installl/siu/61.txt eliminado o removido, 2026-04-09 20:39:18
Archivo > /workspaces/messi/installl/siu/45.txt eliminado o removido, 2026-04-09 20:39:18
Archivo > /workspaces/messi/installl/siu/6.txt eliminado o removido, 2026-04-09 20:39:18
2026-04-09 20:48:41 Se modifico >> /workspaces/messi/installl/siu/1.txt
Archivo > /workspaces/messi/installl/siu/0.txt eliminado o removido, 2026-04-09 20:48:57
Archivo > /workspaces/messi/installl/siu/3.txt eliminado o removido, 2026-04-09 20:48:57
Archivo > /workspaces/messi/installl/siu/ eliminado o removido, 2026-04-09 20:48:57
Archivo > /workspaces/messi/installl/siu/2.txt eliminado o removido, 2026-04-09 20:48:57
Archivo > /workspaces/messi/installl/siu/6.txt eliminado o removido, 2026-04-09 20:48:57
Archivo > /workspaces/messi/installl/siu/5.txt eliminado o removido, 2026-04-09 20:48:57
Archivo > /workspaces/messi/installl/siu/9.txt eliminado o removido, 2026-04-09 20:48:57
Archivo > /workspaces/messi/installl/siu/7.txt eliminado o removido, 2026-04-09 20:48:57
Archivo > /workspaces/messi/installl/siu/8.txt eliminado o removido, 2026-04-09 20:48:57
Archivo > /workspaces/messi/installl/siu/4.txt eliminado o removido, 2026-04-09 20:48:57
Archivo > /workspaces/messi/installl/siu/1.txt eliminado o removido, 2026-04-09 20:48:57
Archivo > /workspaces/messi/installl/siu/98.txt eliminado o removido, 2026-04-09 20:50:21
Archivo > /workspaces/messi/installl/siu/76.txt eliminado o removido, 2026-04-09 20:50:21
Archivo > /workspaces/messi/installl/siu/37.txt eliminado o removido, 2026-04-09 20:50:21
Archivo > /workspaces/messi/installl/siu/38.txt eliminado o removido, 2026-04-09 20:50:21
Archivo > /workspaces/messi/installl/siu/29.txt eliminado o removido, 2026-04-09 20:50:21
Archivo > /workspaces/messi/installl/siu/39.txt eliminado o removido, 2026-04-09 20:50:21
Archivo > /workspaces/messi/installl/siu/4.txt eliminado o removido, 2026-04-09 20:50:21
Archivo > /workspaces/messi/installl/siu/0.txt eliminado o removido, 2026-04-09 20:50:21
Archivo > /workspaces/messi/installl/siu/40.txt eliminado o removido, 2026-04-09 20:50:21
Archivo > /workspaces/messi/installl/siu/11.txt eliminado o removido, 2026-04-09 20:50:21
Archivo > /workspaces/messi/installl/siu/1.txt eliminado o removido, 2026-04-09 20:50:21
Archivo > /workspaces/messi/installl/siu/10.txt eliminado o removido, 2026-04-09 20:50:21
Archivo > /workspaces/messi/installl/siu/41.txt eliminado o removido, 2026-04-09 20:50:21
Archivo > /workspaces/messi/installl/siu/42.txt eliminado o removido, 2026-04-09 20:50:21
Archivo > /workspaces/messi/installl/siu/16.txt eliminado o removido, 2026-04-09 20:50:21
Archivo > /workspaces/messi/installl/siu/46.txt eliminado o removido, 2026-04-09 20:50:21
Archivo > /workspaces/messi/installl/siu/47.txt eliminado o removido, 2026-04-09 20:50:21
Archivo > /workspaces/messi/installl/siu/13.txt eliminado o removido, 2026-04-09 20:50:21
Archivo > /workspaces/messi/installl/siu/17.txt eliminado o removido, 2026-04-09 20:50:21
Archivo > /workspaces/messi/installl/siu/12.txt eliminado o removido, 2026-04-09 20:50:21
Archivo > /workspaces/messi/installl/siu/44.txt eliminado o removido, 2026-04-09 20:50:21
Archivo > /workspaces/messi/installl/siu/14.txt eliminado o removido, 2026-04-09 20:50:21
Archivo > /workspaces/messi/installl/siu/48.txt eliminado o removido, 2026-04-09 20:50:21
Archivo > /workspaces/messi/installl/siu/45.txt eliminado o removido, 2026-04-09 20:50:21
Archivo > /workspaces/messi/installl/siu/15.txt eliminado o removido, 2026-04-09 20:50:21
Archivo > /workspaces/messi/installl/siu/18.txt eliminado o removido, 2026-04-09 20:50:21
Archivo > /workspaces/messi/installl/siu/2.txt eliminado o removido, 2026-04-09 20:50:21
Archivo > /workspaces/messi/installl/siu/49.txt eliminado o removido, 2026-04-09 20:50:21
Archivo > /workspaces/messi/installl/siu/5.txt eliminado o removido, 2026-04-09 20:50:21
Archivo > /workspaces/messi/installl/siu/54.txt eliminado o removido, 2026-04-09 20:50:21
Archivo > /workspaces/messi/installl/siu/24.txt eliminado o removido, 2026-04-09 20:50:21
Archivo > /workspaces/messi/installl/siu/51.txt eliminado o removido, 2026-04-09 20:50:21
Archivo > /workspaces/messi/installl/siu/78.txt eliminado o removido, 2026-04-09 20:50:21
Archivo > /workspaces/messi/installl/siu/21.txt eliminado o removido, 2026-04-09 20:50:21
Archivo > /workspaces/messi/installl/siu/50.txt eliminado o removido, 2026-04-09 20:50:21
Archivo > /workspaces/messi/installl/siu/79.txt eliminado o removido, 2026-04-09 20:50:21
Archivo > /workspaces/messi/installl/siu/25.txt eliminado o removido, 2026-04-09 20:50:21
Archivo > /workspaces/messi/installl/siu/26.txt eliminado o removido, 2026-04-09 20:50:21
Archivo > /workspaces/messi/installl/siu/27.txt eliminado o removido, 2026-04-09 20:50:21
Archivo > /workspaces/messi/installl/siu/8.txt eliminado o removido, 2026-04-09 20:50:21
Archivo > /workspaces/messi/installl/siu/20.txt eliminado o removido, 2026-04-09 20:50:21
Archivo > /workspaces/messi/installl/siu/22.txt eliminado o removido, 2026-04-09 20:50:21
Archivo > /workspaces/messi/installl/siu/53.txt eliminado o removido, 2026-04-09 20:50:21
Archivo > /workspaces/messi/installl/siu/28.txt eliminado o removido, 2026-04-09 20:50:21
Archivo > /workspaces/messi/installl/siu/80.txt eliminado o removido, 2026-04-09 20:50:21
Archivo > /workspaces/messi/installl/siu/52.txt eliminado o removido, 2026-04-09 20:50:21
Archivo > /workspaces/messi/installl/siu/23.txt eliminado o removido, 2026-04-09 20:50:21
Archivo > /workspaces/messi/installl/siu/77.txt eliminado o removido, 2026-04-09 20:50:21
Archivo > /workspaces/messi/installl/siu/81.txt eliminado o removido, 2026-04-09 20:50:21
Archivo > /workspaces/messi/installl/siu/82.txt eliminado o removido, 2026-04-09 20:50:21
Archivo > /workspaces/messi/installl/siu/57.txt eliminado o removido, 2026-04-09 20:50:21
Archivo > /workspaces/messi/installl/siu/85.txt eliminado o removido, 2026-04-09 20:50:21
Archivo > /workspaces/messi/installl/siu/55.txt eliminado o removido, 2026-04-09 20:50:21
Archivo > /workspaces/messi/installl/siu/56.txt eliminado o removido, 2026-04-09 20:50:21
Archivo > /workspaces/messi/installl/siu/84.txt eliminado o removido, 2026-04-09 20:50:21
Archivo > /workspaces/messi/installl/siu/87.txt eliminado o removido, 2026-04-09 20:50:21
Archivo > /workspaces/messi/installl/siu/58.txt eliminado o removido, 2026-04-09 20:50:21
Archivo > /workspaces/messi/installl/siu/86.txt eliminado o removido, 2026-04-09 20:50:21
Archivo > /workspaces/messi/installl/siu/83.txt eliminado o removido, 2026-04-09 20:50:21
Archivo > /workspaces/messi/installl/siu/6.txt eliminado o removido, 2026-04-09 20:50:21
Archivo > /workspaces/messi/installl/siu/91.txt eliminado o removido, 2026-04-09 20:50:21
Archivo > /workspaces/messi/installl/siu/66.txt eliminado o removido, 2026-04-09 20:50:21
Archivo > /workspaces/messi/installl/siu/92.txt eliminado o removido, 2026-04-09 20:50:21
Archivo > /workspaces/messi/installl/siu/65.txt eliminado o removido, 2026-04-09 20:50:21
Archivo > /workspaces/messi/installl/siu/67.txt eliminado o removido, 2026-04-09 20:50:21
Archivo > /workspaces/messi/installl/siu/68.txt eliminado o removido, 2026-04-09 20:50:21
Archivo > /workspaces/messi/installl/siu/93.txt eliminado o removido, 2026-04-09 20:50:21
Archivo > /workspaces/messi/installl/siu/70.txt eliminado o removido, 2026-04-09 20:50:21
Archivo > /workspaces/messi/installl/siu/69.txt eliminado o removido, 2026-04-09 20:50:21
Archivo > /workspaces/messi/installl/siu/7.txt eliminado o removido, 2026-04-09 20:50:21
Archivo > /workspaces/messi/installl/siu/73.txt eliminado o removido, 2026-04-09 20:50:21
Archivo > /workspaces/messi/installl/siu/72.txt eliminado o removido, 2026-04-09 20:50:21
Archivo > /workspaces/messi/installl/siu/71.txt eliminado o removido, 2026-04-09 20:50:21
Archivo > /workspaces/messi/installl/siu/94.txt eliminado o removido, 2026-04-09 20:50:21
Archivo > /workspaces/messi/installl/siu/95.txt eliminado o removido, 2026-04-09 20:50:21
Archivo > /workspaces/messi/installl/siu/43.txt eliminado o removido, 2026-04-09 20:50:21
Archivo > /workspaces/messi/installl/siu/99.txt eliminado o removido, 2026-04-09 20:50:21
Archivo > /workspaces/messi/installl/siu/34.txt eliminado o removido, 2026-04-09 20:50:21
Archivo > /workspaces/messi/installl/siu/97.txt eliminado o removido, 2026-04-09 20:50:21
Archivo > /workspaces/messi/installl/siu/74.txt eliminado o removido, 2026-04-09 20:50:21
Archivo > /workspaces/messi/installl/siu/ eliminado o removido, 2026-04-09 20:50:21
Archivo > /workspaces/messi/installl/siu/19.txt eliminado o removido, 2026-04-09 20:50:21
Archivo > /workspaces/messi/installl/siu/75.txt eliminado o removido, 2026-04-09 20:50:21
Archivo > /workspaces/messi/installl/siu/3.txt eliminado o removido, 2026-04-09 20:50:21
Archivo > /workspaces/messi/installl/siu/96.txt eliminado o removido, 2026-04-09 20:50:21
Archivo > /workspaces/messi/installl/siu/31.txt eliminado o removido, 2026-04-09 20:50:21
Archivo > /workspaces/messi/installl/siu/30.txt eliminado o removido, 2026-04-09 20:50:21
Archivo > /workspaces/messi/installl/siu/32.txt eliminado o removido, 2026-04-09 20:50:21
Archivo > /workspaces/messi/installl/siu/35.txt eliminado o removido, 2026-04-09 20:50:21
Archivo > /workspaces/messi/installl/siu/33.txt eliminado o removido, 2026-04-09 20:50:21
Archivo > /workspaces/messi/installl/siu/36.txt eliminado o removido, 2026-04-09 20:50:21
Archivo > /workspaces/messi/installl/siu/88.txt eliminado o removido, 2026-04-09 20:50:21
Archivo > /workspaces/messi/installl/siu/61.txt eliminado o removido, 2026-04-09 20:50:21
Archivo > /workspaces/messi/installl/siu/59.txt eliminado o removido, 2026-04-09 20:50:21
Archivo > /workspaces/messi/installl/siu/60.txt eliminado o removido, 2026-04-09 20:50:21
Archivo > /workspaces/messi/installl/siu/89.txt eliminado o removido, 2026-04-09 20:50:21
Archivo > /workspaces/messi/installl/siu/64.txt eliminado o removido, 2026-04-09 20:50:21
Archivo > /workspaces/messi/installl/siu/9.txt eliminado o removido, 2026-04-09 20:50:21
Archivo > /workspaces/messi/installl/siu/62.txt eliminado o removido, 2026-04-09 20:50:21
Archivo > /workspaces/messi/installl/siu/90.txt eliminado o removido, 2026-04-09 20:50:21
Archivo > /workspaces/messi/installl/siu/63.txt eliminado o removido, 2026-04-09 20:50:21
2026-04-09 21:16:59 Se modifico >> /workspaces/messi/installl/siu/3.txt
2026-04-09 21:17:37 Se modifico >> /workspaces/messi/installl/siu/3.txt
2026-04-09 21:17:45 Se modifico >> /workspaces/messi/installl/siu/3.txt
2026-04-09 21:19:23 Se modifico >> /workspaces/messi/installl/siu/3.txt
2026-04-09 21:19:34 Se modifico >> /workspaces/messi/installl/siu/3.txt
2026-04-09 21:19:55 Se modifico >> /workspaces/messi/installl/siu/3.txt
2026-04-09 21:21:05 Se modifico >> /workspaces/messi/installl/siu/3.txt
2026-04-09 21:21:14 Se modifico >> /workspaces/messi/installl/siu/3.txt
2026-04-09 21:21:43 Se modifico >> /workspaces/messi/installl/siu/5.txt
2026-04-09 21:21:48 Se modifico >> /workspaces/messi/installl/siu/5.txt
2026-04-09 21:24:48 Se modifico >> /workspaces/messi/installl/siu/5.txt
2026-04-09 21:24:53 Se modifico >> /workspaces/messi/installl/siu/5.txt
2026-04-09 21:24:57 Se modifico >> /workspaces/messi/installl/siu/5.txt
2026-04-09 21:25:01 Se modifico >> /workspaces/messi/installl/siu/5.txt
2026-04-09 21:25:06 Se modifico >> /workspaces/messi/installl/siu/5.txt
2026-04-09 21:25:12 Se modifico >> /workspaces/messi/installl/siu/5.txt
2026-04-09 21:25:16 Se modifico >> /workspaces/messi/installl/siu/5.txt
2026-04-09 21:25:26 Se modifico >> /workspaces/messi/installl/siu/5.txt
2026-04-09 21:26:15 Se modifico >> /workspaces/messi/installl/siu/5.txt